2023-02-20 10:29:11 Loading main app package /opt/Obsidian/resources/obsidian.asar
2023-02-20 10:29:11 Checking for update using Github
2023-02-20 10:29:41 Failed to check for update using Github (net::ERR_TIMED_OUT)
2023-02-20 10:29:41 Checking for update using obsidian.md
2023-02-20 10:29:42 Success.
2023-02-20 10:29:42 Latest version is 1.1.9
2023-02-20 10:29:42 App is up to date.
2023-02-20 11:16:51 Loading main app package /opt/Obsidian/resources/obsidian.asar
2023-02-20 11:16:51 Checking for update using Github
2023-02-20 11:17:18 Loading main app package /opt/Obsidian/resources/obsidian.asar
2023-02-20 11:17:18 Checking for update using Github
2023-02-20 11:17:22 Success.
2023-02-20 11:17:22 Latest version is 1.1.9
2023-02-20 11:17:22 App is up to date.
2023-02-20 22:23:07 Loading main app package /opt/Obsidian/resources/obsidian.asar
2023-02-20 22:23:08 Checking for update using Github
2023-02-20 22:23:08 Success.
2023-02-20 22:23:08 Latest version is 1.1.9
2023-02-20 22:23:08 App is up to date.
2023-02-21 00:17:39 Loading main app package /opt/Obsidian/resources/obsidian.asar
2023-02-21 00:17:39 Checking for update using Github
2023-02-21 00:17:39 Success.
2023-02-21 00:17:39 Latest version is 1.1.9
2023-02-21 00:17:39 App is up to date.
2023-02-21 01:17:39 Checking for update using Github
2023-02-21 01:17:39 Success.
2023-02-21 01:17:39 Latest version is 1.1.9
2023-02-21 01:17:39 App is up to date.
2023-02-21 02:53:43 Checking for update using Github
2023-02-21 02:53:43 Success.
2023-02-21 02:53:43 Latest version is 1.1.9
2023-02-21 02:53:43 App is up to date.
2023-02-21 05:47:07 Loading main app package /opt/Obsidian/resources/obsidian.asar
2023-02-21 05:47:07 Checking for update using Github
2023-02-21 05:47:11 Success.
2023-02-21 05:47:11 Latest version is 1.1.9
2023-02-21 05:47:11 App is up to date.
2023-02-21 06:47:09 Checking for update using Github
2023-02-21 06:47:09 Success.
2023-02-21 06:47:09 Latest version is 1.1.9
2023-02-21 06:47:09 App is up to date.
2023-02-21 07:33:49 Loading main app package /opt/Obsidian/resources/obsidian.asar
2023-02-21 07:33:49 Checking for update using Github
2023-02-21 09:51:54 Checking for update using Github
2023-02-21 09:51:58 Success.
2023-02-21 09:51:58 Latest version is 1.1.9
2023-02-21 09:51:58 App is up to date.
2023-02-22 00:00:35 Loading main app package /opt/Obsidian/resources/obsidian.asar
2023-02-22 00:00:36 Checking for update using Github
2023-02-22 00:00:36 Success.
2023-02-22 00:00:36 Latest version is 1.1.9
2023-02-22 00:00:36 App is up to date.
2023-02-22 00:00:37 Loading main app package /opt/Obsidian/resources/obsidian.asar
2023-02-22 00:00:38 Checking for update using Github
2023-02-22 01:25:42 Checking for update using Github
2023-02-22 01:25:42 Success.
2023-02-22 01:25:42 Latest version is 1.1.9
2023-02-22 01:25:42 App is up to date.
2023-02-22 05:57:53 Checking for update using Github
2023-02-22 05:57:58 Success.
2023-02-22 05:57:58 Latest version is 1.1.9
2023-02-22 05:57:58 App is up to date.
2023-02-22 06:57:55 Checking for update using Github
2023-02-22 06:57:55 Success.
2023-02-22 06:57:55 Latest version is 1.1.9
2023-02-22 06:57:55 App is up to date.
2023-02-22 08:07:38 Checking for update using Github
2023-02-22 08:07:42 Success.
2023-02-22 08:07:42 Latest version is 1.1.9
2023-02-22 08:07:42 App is up to date.
2023-02-22 10:32:21 Checking for update using Github
2023-02-22 10:32:25 Success.
2023-02-22 10:32:25 Latest version is 1.1.9
2023-02-22 10:32:25 App is up to date.
2023-02-22 11:24:36 Loading main app package /opt/Obsidian/resources/obsidian.asar
2023-02-22 11:24:36 Checking for update using Github
2023-02-22 11:32:22 Checking for update using Github
2023-02-22 11:32:22 Success.
2023-02-22 11:32:22 Latest version is 1.1.9
2023-02-22 11:32:22 App is up to date.
2023-02-22 22:08:51 Loading main app package /opt/Obsidian/resources/obsidian.asar
2023-02-22 22:08:52 Checking for update using Github
2023-02-22 22:08:52 Success.
2023-02-22 22:08:52 Latest version is 1.1.15
2023-02-22 22:08:52 Downloading update from https://github.com/obsidianmd/obsidian-releases/releases/download/v1.1.15/obsidian-1.1.15.asar.gz
2023-02-22 22:08:53 Verifying hash & signature. Size= 5765357
2023-02-22 22:08:53 Saving file
2023-02-22 22:08:53 Update complete.
2023-02-23 04:53:58 Loading updated app package /home/nhe/.config/obsidian/obsidian-1.1.15.asar
2023-02-23 04:53:58 Checking for update using Github
2023-02-23 04:54:04 Success.
2023-02-23 04:54:04 Latest version is 1.1.15
2023-02-23 04:54:04 App is up to date.
2023-02-23 05:54:01 Checking for update using Github
2023-02-23 05:54:01 Success.
2023-02-23 05:54:01 Latest version is 1.1.15
2023-02-23 05:54:01 App is up to date.
2023-02-23 06:54:01 Checking for update using Github
2023-02-23 06:54:05 Success.
2023-02-23 06:54:05 Latest version is 1.1.15
2023-02-23 06:54:05 App is up to date.
2023-02-23 08:07:18 Checking for update using Github
2023-02-23 08:07:48 Failed to check for update using Github (net::ERR_TIMED_OUT)
2023-02-23 08:07:48 Checking for update using obsidian.md
2023-02-23 08:07:48 Success.
2023-02-23 08:07:48 Latest version is 1.1.15
2023-02-23 08:07:48 App is up to date.
2023-02-23 08:40:17 Loading updated app package /home/nhe/.config/obsidian/obsidian-1.1.15.asar
2023-02-23 08:40:17 Checking for update using Github
2023-02-23 08:40:23 Success.
2023-02-23 08:40:23 Latest version is 1.1.15
2023-02-23 08:40:23 App is up to date.
2023-02-23 10:47:32 Checking for update using Github
2023-02-23 10:48:02 Failed to check for update using Github (net::ERR_TIMED_OUT)
2023-02-23 10:48:02 Checking for update using obsidian.md
2023-02-23 10:48:03 Success.
2023-02-23 10:48:03 Latest version is 1.1.15
2023-02-23 10:48:03 App is up to date.
2023-02-24 10:47:21 Checking for update using Github
2023-02-24 10:47:51 Failed to check for update using Github (net::ERR_TIMED_OUT)
2023-02-24 10:47:51 Checking for update using obsidian.md
2023-02-24 10:47:51 Success.
2023-02-24 10:47:51 Latest version is 1.1.15
2023-02-24 10:47:51 App is up to date.
2023-02-24 12:08:11 Checking for update using Github
2023-02-24 12:08:41 Failed to check for update using Github (net::ERR_TIMED_OUT)
2023-02-24 12:08:41 Checking for update using obsidian.md
2023-02-24 12:08:41 Success.
2023-02-24 12:08:41 Latest version is 1.1.15
2023-02-24 12:08:41 App is up to date.
2023-02-25 00:50:47 Checking for update using Github
2023-02-25 00:51:17 Failed to check for update using Github (net::ERR_TIMED_OUT)
2023-02-25 00:51:17 Checking for update using obsidian.md
2023-02-25 00:51:17 Success.
2023-02-25 00:51:17 Latest version is 1.1.15
2023-02-25 00:51:17 App is up to date.
2023-02-25 01:50:47 Checking for update using Github
2023-02-25 01:50:51 Success.
2023-02-25 01:50:51 Latest version is 1.1.15
2023-02-25 01:50:51 App is up to date.
2023-02-25 02:50:47 Checking for update using Github
2023-02-25 02:50:51 Success.
2023-02-25 02:50:51 Latest version is 1.1.15
2023-02-25 02:50:51 App is up to date.
2023-02-25 04:09:29 Checking for update using Github
2023-02-25 04:09:59 Failed to check for update using Github (net::ERR_TIMED_OUT)
2023-02-25 04:09:59 Checking for update using obsidian.md
2023-02-25 04:09:59 Success.
2023-02-25 04:09:59 Latest version is 1.1.15
2023-02-25 04:09:59 App is up to date.
2023-02-25 10:33:33 Checking for update using Github
2023-02-25 10:33:37 Success.
2023-02-25 10:33:37 Latest version is 1.1.15
2023-02-25 10:33:37 App is up to date.
2023-02-25 22:35:55 Checking for update using Github
2023-02-25 22:36:25 Failed to check for update using Github (net::ERR_TIMED_OUT)
2023-02-25 22:36:25 Checking for update using obsidian.md
2023-02-25 22:36:26 Success.
2023-02-25 22:36:26 Latest version is 1.1.15
2023-02-25 22:36:26 App is up to date.
2023-02-25 23:36:00 Checking for update using Github
2023-02-25 23:36:04 Success.
2023-02-25 23:36:04 Latest version is 1.1.15
2023-02-25 23:36:04 App is up to date.
2023-02-26 03:19:40 Checking for update using Github
2023-02-26 03:19:44 Success.
2023-02-26 03:19:44 Latest version is 1.1.15
2023-02-26 03:19:44 App is up to date.
2023-02-26 04:19:42 Checking for update using Github
2023-02-26 04:19:43 Success.
2023-02-26 04:19:43 Latest version is 1.1.15
2023-02-26 04:19:43 App is up to date.
2023-02-27 01:31:40 Loading updated app package /home/nhe/.config/obsidian/obsidian-1.1.15.asar
2023-02-27 01:31:40 Checking for update using Github
2023-02-27 01:31:40 Success.
2023-02-27 01:31:40 Latest version is 1.1.15
2023-02-27 01:31:40 App is up to date.
2023-02-28 00:27:51 Checking for update using Github
2023-02-28 00:27:51 Success.
2023-02-28 00:27:51 Latest version is 1.1.15
2023-02-28 00:27:51 App is up to date.
2023-02-28 01:27:51 Checking for update using Github
2023-02-28 01:27:52 Success.
2023-02-28 01:27:52 Latest version is 1.1.15
2023-02-28 01:27:52 App is up to date.
2023-02-28 03:02:15 Checking for update using Github
2023-02-28 03:02:15 Success.
2023-02-28 03:02:15 Latest version is 1.1.15
2023-02-28 03:02:15 App is up to date.
2023-02-28 09:32:02 Checking for update using Github
2023-02-28 09:32:05 Success.
2023-02-28 09:32:05 Latest version is 1.1.15
2023-02-28 09:32:05 App is up to date.
2023-02-28 10:32:06 Checking for update using Github
2023-02-28 10:32:09 Success.
2023-02-28 10:32:09 Latest version is 1.1.15
2023-02-28 10:32:09 App is up to date.
2023-03-01 00:48:29 Checking for update using Github
2023-03-01 00:48:29 Success.
2023-03-01 00:48:29 Latest version is 1.1.15
2023-03-01 00:48:29 App is up to date.
2023-03-01 02:27:33 Checking for update using Github
2023-03-01 02:27:33 Success.
2023-03-01 02:27:33 Latest version is 1.1.15
2023-03-01 02:27:33 App is up to date.
2023-03-01 03:44:41 Checking for update using Github
2023-03-01 03:44:41 Success.
2023-03-01 03:44:41 Latest version is 1.1.15
2023-03-01 03:44:41 App is up to date.
2023-03-01 07:16:25 Checking for update using Github
2023-03-01 07:16:28 Success.
2023-03-01 07:16:28 Latest version is 1.1.15
2023-03-01 07:16:28 App is up to date.
2023-03-01 08:16:25 Checking for update using Github
2023-03-01 08:16:29 Success.
2023-03-01 08:16:29 Latest version is 1.1.15
2023-03-01 08:16:29 App is up to date.
2023-03-01 22:13:18 Checking for update using Github
2023-03-01 22:13:18 Success.
2023-03-01 22:13:18 Latest version is 1.1.15
2023-03-01 22:13:18 App is up to date.
2023-03-02 00:52:30 Checking for update using Github
2023-03-02 00:52:31 Success.
2023-03-02 00:52:31 Latest version is 1.1.15
2023-03-02 00:52:31 App is up to date.
2023-03-02 22:03:30 Checking for update using Github
2023-03-02 22:03:30 Success.
2023-03-02 22:03:30 Latest version is 1.1.16
2023-03-02 22:03:30 Downloading update from https://github.com/obsidianmd/obsidian-releases/releases/download/v1.1.16/obsidian-1.1.16.asar.gz
2023-03-02 22:03:31 Verifying hash & signature. Size= 5766915
2023-03-02 22:03:31 Saving file
2023-03-02 22:03:31 Update complete.
2023-03-02 23:03:31 Checking for update using Github
2023-03-02 23:03:31 Success.
2023-03-02 23:03:31 Latest version is 1.1.16
2023-03-02 23:03:31 An update is already downloaded.
2023-03-03 01:02:11 Checking for update using Github
2023-03-03 01:02:11 Success.
2023-03-03 01:02:11 Latest version is 1.1.16
2023-03-03 01:02:11 An update is already downloaded.
2023-03-03 09:22:22 Checking for update using Github
2023-03-03 09:22:27 Success.
2023-03-03 09:22:27 Latest version is 1.1.16
2023-03-03 09:22:27 An update is already downloaded.
2023-03-03 10:23:15 Checking for update using Github
2023-03-03 10:23:19 Success.
2023-03-03 10:23:19 Latest version is 1.1.16
2023-03-03 10:23:19 An update is already downloaded.
2023-03-05 06:55:27 Checking for update using Github
2023-03-05 06:55:31 Success.
2023-03-05 06:55:31 Latest version is 1.1.16
2023-03-05 06:55:31 An update is already downloaded.
2023-03-05 07:55:27 Checking for update using Github
2023-03-05 07:55:27 Success.
2023-03-05 07:55:27 Latest version is 1.1.16
2023-03-05 07:55:27 An update is already downloaded.
2023-03-05 08:55:27 Checking for update using Github
2023-03-05 08:55:31 Success.
2023-03-05 08:55:31 Latest version is 1.1.16
2023-03-05 08:55:31 An update is already downloaded.
2023-03-05 22:42:02 Checking for update using Github
2023-03-05 22:42:02 Success.
2023-03-05 22:42:02 Latest version is 1.1.16
2023-03-05 22:42:02 An update is already downloaded.
2023-03-06 00:39:20 Checking for update using Github
2023-03-06 00:39:20 Success.
2023-03-06 00:39:20 Latest version is 1.1.16
2023-03-06 00:39:20 An update is already downloaded.
2023-03-06 01:39:20 Checking for update using Github
2023-03-06 01:39:20 Success.
2023-03-06 01:39:20 Latest version is 1.1.16
2023-03-06 01:39:20 An update is already downloaded.
2023-03-06 03:36:43 Checking for update using Github
2023-03-06 03:36:43 Success.
2023-03-06 03:36:43 Latest version is 1.1.16
2023-03-06 03:36:43 An update is already downloaded.
2023-03-07 03:04:22 Checking for update using Github
2023-03-07 03:04:22 Success.
2023-03-07 03:04:22 Latest version is 1.1.16
2023-03-07 03:04:22 An update is already downloaded.
2023-03-07 10:29:58 Checking for update using Github
2023-03-07 10:30:02 Success.
2023-03-07 10:30:02 Latest version is 1.1.16
2023-03-07 10:30:02 An update is already downloaded.
2023-03-08 01:08:54 Checking for update using Github
2023-03-08 01:08:54 Success.
2023-03-08 01:08:54 Latest version is 1.1.16
2023-03-08 01:08:54 An update is already downloaded.
2023-03-08 03:39:52 Checking for update using Github
2023-03-08 03:39:52 Success.
2023-03-08 03:39:52 Latest version is 1.1.16
2023-03-08 03:39:52 An update is already downloaded.
2023-03-08 06:08:03 Checking for update using Github
2023-03-08 06:08:06 Success.
2023-03-08 06:08:06 Latest version is 1.1.16
2023-03-08 06:08:06 An update is already downloaded.
2023-03-08 07:08:03 Checking for update using Github
2023-03-08 07:08:07 Success.
2023-03-08 07:08:07 Latest version is 1.1.16
2023-03-08 07:08:07 An update is already downloaded.
2023-03-08 09:28:39 Checking for update using Github
2023-03-08 09:28:43 Success.
2023-03-08 09:28:43 Latest version is 1.1.16
2023-03-08 09:28:43 An update is already downloaded.
2023-03-08 10:28:39 Checking for update using Github
2023-03-08 10:28:43 Success.
2023-03-08 10:28:43 Latest version is 1.1.16
2023-03-08 10:28:43 An update is already downloaded.
2023-03-10 00:14:31 Loading updated app package /home/nhe/.config/obsidian/obsidian-1.1.16.asar
2023-03-10 00:14:31 Checking for update using Github
2023-03-10 00:14:31 Success.
2023-03-10 00:14:31 Latest version is 1.1.16
2023-03-10 00:14:31 App is up to date.
2023-03-10 01:14:31 Checking for update using Github
2023-03-10 01:14:31 Success.
2023-03-10 01:14:31 Latest version is 1.1.16
2023-03-10 01:14:31 App is up to date.
2023-03-10 05:19:12 Checking for update using Github
2023-03-10 05:19:16 Success.
2023-03-10 05:19:16 Latest version is 1.1.16
2023-03-10 05:19:16 App is up to date.
2023-03-14 03:39:09 Loading updated app package /home/nhe/.config/obsidian/obsidian-1.1.16.asar
2023-03-14 03:39:09 Checking for update using Github
2023-03-14 03:39:09 Success.
2023-03-14 03:39:09 Latest version is 1.1.16
2023-03-14 03:39:09 App is up to date.
2023-03-15 03:39:42 Checking for update using Github
2023-03-15 03:39:44 Success.
2023-03-15 03:39:44 Latest version is 1.1.16
2023-03-15 03:39:44 App is up to date.
2023-03-16 21:56:13 Loading updated app package /home/nhe/.config/obsidian/obsidian-1.1.16.asar
2023-03-16 21:56:14 Checking for update using Github
2023-03-16 21:56:14 Success.
2023-03-16 21:56:14 Latest version is 1.1.16
2023-03-16 21:56:14 App is up to date.
2023-03-17 00:19:42 Checking for update using Github
2023-03-17 00:19:43 Success.
2023-03-17 00:19:43 Latest version is 1.1.16
2023-03-17 00:19:43 App is up to date.
2023-03-17 01:20:24 Checking for update using Github
2023-03-17 01:20:25 Success.
2023-03-17 01:20:25 Latest version is 1.1.16
2023-03-17 01:20:25 App is up to date.
2023-03-17 07:49:42 Checking for update using Github
2023-03-17 07:49:46 Success.
2023-03-17 07:49:46 Latest version is 1.1.16
2023-03-17 07:49:46 App is up to date.
2023-03-20 02:36:47 Loading updated app package /home/nhe/.config/obsidian/obsidian-1.1.16.asar
2023-03-20 02:36:47 Checking for update using Github
2023-03-20 02:36:47 Success.
2023-03-20 02:36:47 Latest version is 1.1.16
2023-03-20 02:36:47 App is up to date.
2023-04-05 07:40:52 Loading updated app package /home/nhe/.config/obsidian/obsidian-1.1.16.asar
2023-04-05 07:40:52 Checking for update using Github
